Linked: (/home/farooq/Documents/MIRBlueROV/catkin_ws/devel/.private/autonomous_rov/share/autonomous_rov/cmake/autonomous_rov-msg-paths.cmake, /home/farooq/Documents/MIRBlueROV/catkin_ws/devel/share/autonomous_rov/cmake/autonomous_rov-msg-paths.cmake)
Linked: (/home/farooq/Documents/MIRBlueROV/catkin_ws/devel/.private/autonomous_rov/share/autonomous_rov/cmake/autonomous_rovConfig.cmake, /home/farooq/Documents/MIRBlueROV/catkin_ws/devel/share/autonomous_rov/cmake/autonomous_rovConfig.cmake)
Linked: (/home/farooq/Documents/MIRBlueROV/catkin_ws/devel/.private/autonomous_rov/share/autonomous_rov/cmake/autonomous_rov-msg-extras.cmake, /home/farooq/Documents/MIRBlueROV/catkin_ws/devel/share/autonomous_rov/cmake/autonomous_rov-msg-extras.cmake)
Linked: (/home/farooq/Documents/MIRBlueROV/catkin_ws/devel/.private/autonomous_rov/share/autonomous_rov/cmake/autonomous_rovConfig-version.cmake, /home/farooq/Documents/MIRBlueROV/catkin_ws/devel/share/autonomous_rov/cmake/autonomous_rovConfig-version.cmake)
Linked: (/home/farooq/Documents/MIRBlueROV/catkin_ws/devel/.private/autonomous_rov/share/autonomous_rov/docs/teleop_xboxConfig.dox, /home/farooq/Documents/MIRBlueROV/catkin_ws/devel/share/autonomous_rov/docs/teleop_xboxConfig.dox)
Linked: (/home/farooq/Documents/MIRBlueROV/catkin_ws/devel/.private/autonomous_rov/share/autonomous_rov/docs/teleop_xboxConfig-usage.dox, /home/farooq/Documents/MIRBlueROV/catkin_ws/devel/share/autonomous_rov/docs/teleop_xboxConfig-usage.dox)
Linked: (/home/farooq/Documents/MIRBlueROV/catkin_ws/devel/.private/autonomous_rov/share/autonomous_rov/docs/teleop_xboxConfig.wikidoc, /home/farooq/Documents/MIRBlueROV/catkin_ws/devel/share/autonomous_rov/docs/teleop_xboxConfig.wikidoc)
Linked: (/home/farooq/Documents/MIRBlueROV/catkin_ws/devel/.private/autonomous_rov/share/common-lisp/ros/autonomous_rov/msg/_package_Health.lisp, /home/farooq/Documents/MIRBlueROV/catkin_ws/devel/share/common-lisp/ros/autonomous_rov/msg/_package_Health.lisp)
Linked: (/home/farooq/Documents/MIRBlueROV/catkin_ws/devel/.private/autonomous_rov/share/common-lisp/ros/autonomous_rov/msg/_package.lisp, /home/farooq/Documents/MIRBlueROV/catkin_ws/devel/share/common-lisp/ros/autonomous_rov/msg/_package.lisp)
Linked: (/home/farooq/Documents/MIRBlueROV/catkin_ws/devel/.private/autonomous_rov/share/common-lisp/ros/autonomous_rov/msg/Health.lisp, /home/farooq/Documents/MIRBlueROV/catkin_ws/devel/share/common-lisp/ros/autonomous_rov/msg/Health.lisp)
Linked: (/home/farooq/Documents/MIRBlueROV/catkin_ws/devel/.private/autonomous_rov/share/common-lisp/ros/autonomous_rov/msg/Thruster.lisp, /home/farooq/Documents/MIRBlueROV/catkin_ws/devel/share/common-lisp/ros/autonomous_rov/msg/Thruster.lisp)
Linked: (/home/farooq/Documents/MIRBlueROV/catkin_ws/devel/.private/autonomous_rov/share/common-lisp/ros/autonomous_rov/msg/autonomous_rov-msg.asd, /home/farooq/Documents/MIRBlueROV/catkin_ws/devel/share/common-lisp/ros/autonomous_rov/msg/autonomous_rov-msg.asd)
Linked: (/home/farooq/Documents/MIRBlueROV/catkin_ws/devel/.private/autonomous_rov/share/common-lisp/ros/autonomous_rov/msg/_package_Thruster.lisp, /home/farooq/Documents/MIRBlueROV/catkin_ws/devel/share/common-lisp/ros/autonomous_rov/msg/_package_Thruster.lisp)
Linked: (/home/farooq/Documents/MIRBlueROV/catkin_ws/devel/.private/autonomous_rov/share/roseus/ros/autonomous_rov/manifest.l, /home/farooq/Documents/MIRBlueROV/catkin_ws/devel/share/roseus/ros/autonomous_rov/manifest.l)
Linked: (/home/farooq/Documents/MIRBlueROV/catkin_ws/devel/.private/autonomous_rov/share/roseus/ros/autonomous_rov/msg/Health.l, /home/farooq/Documents/MIRBlueROV/catkin_ws/devel/share/roseus/ros/autonomous_rov/msg/Health.l)
Linked: (/home/farooq/Documents/MIRBlueROV/catkin_ws/devel/.private/autonomous_rov/share/roseus/ros/autonomous_rov/msg/Thruster.l, /home/farooq/Documents/MIRBlueROV/catkin_ws/devel/share/roseus/ros/autonomous_rov/msg/Thruster.l)
Linked: (/home/farooq/Documents/MIRBlueROV/catkin_ws/devel/.private/autonomous_rov/share/gennodejs/ros/autonomous_rov/_index.js, /home/farooq/Documents/MIRBlueROV/catkin_ws/devel/share/gennodejs/ros/autonomous_rov/_index.js)
Linked: (/home/farooq/Documents/MIRBlueROV/catkin_ws/devel/.private/autonomous_rov/share/gennodejs/ros/autonomous_rov/msg/_index.js, /home/farooq/Documents/MIRBlueROV/catkin_ws/devel/share/gennodejs/ros/autonomous_rov/msg/_index.js)
Linked: (/home/farooq/Documents/MIRBlueROV/catkin_ws/devel/.private/autonomous_rov/share/gennodejs/ros/autonomous_rov/msg/Thruster.js, /home/farooq/Documents/MIRBlueROV/catkin_ws/devel/share/gennodejs/ros/autonomous_rov/msg/Thruster.js)
Linked: (/home/farooq/Documents/MIRBlueROV/catkin_ws/devel/.private/autonomous_rov/share/gennodejs/ros/autonomous_rov/msg/Health.js, /home/farooq/Documents/MIRBlueROV/catkin_ws/devel/share/gennodejs/ros/autonomous_rov/msg/Health.js)
Linked: (/home/farooq/Documents/MIRBlueROV/catkin_ws/devel/.private/autonomous_rov/lib/autonomous_rov/teleop_xbox, /home/farooq/Documents/MIRBlueROV/catkin_ws/devel/lib/autonomous_rov/teleop_xbox)
Linked: (/home/farooq/Documents/MIRBlueROV/catkin_ws/devel/.private/autonomous_rov/lib/python3/dist-packages/autonomous_rov/__init__.py, /home/farooq/Documents/MIRBlueROV/catkin_ws/devel/lib/python3/dist-packages/autonomous_rov/__init__.py)
Linked: (/home/farooq/Documents/MIRBlueROV/catkin_ws/devel/.private/autonomous_rov/lib/python3/dist-packages/autonomous_rov/msg/__init__.py, /home/farooq/Documents/MIRBlueROV/catkin_ws/devel/lib/python3/dist-packages/autonomous_rov/msg/__init__.py)
Linked: (/home/farooq/Documents/MIRBlueROV/catkin_ws/devel/.private/autonomous_rov/lib/python3/dist-packages/autonomous_rov/msg/_Health.py, /home/farooq/Documents/MIRBlueROV/catkin_ws/devel/lib/python3/dist-packages/autonomous_rov/msg/_Health.py)
Linked: (/home/farooq/Documents/MIRBlueROV/catkin_ws/devel/.private/autonomous_rov/lib/python3/dist-packages/autonomous_rov/msg/_Thruster.py, /home/farooq/Documents/MIRBlueROV/catkin_ws/devel/lib/python3/dist-packages/autonomous_rov/msg/_Thruster.py)
Linked: (/home/farooq/Documents/MIRBlueROV/catkin_ws/devel/.private/autonomous_rov/lib/python3/dist-packages/autonomous_rov/cfg/__init__.py, /home/farooq/Documents/MIRBlueROV/catkin_ws/devel/lib/python3/dist-packages/autonomous_rov/cfg/__init__.py)
Linked: (/home/farooq/Documents/MIRBlueROV/catkin_ws/devel/.private/autonomous_rov/lib/python3/dist-packages/autonomous_rov/cfg/teleop_xboxConfig.py, /home/farooq/Documents/MIRBlueROV/catkin_ws/devel/lib/python3/dist-packages/autonomous_rov/cfg/teleop_xboxConfig.py)
Linked: (/home/farooq/Documents/MIRBlueROV/catkin_ws/devel/.private/autonomous_rov/lib/pkgconfig/autonomous_rov.pc, /home/farooq/Documents/MIRBlueROV/catkin_ws/devel/lib/pkgconfig/autonomous_rov.pc)
Linked: (/home/farooq/Documents/MIRBlueROV/catkin_ws/devel/.private/autonomous_rov/include/autonomous_rov/teleop_xboxConfig.h, /home/farooq/Documents/MIRBlueROV/catkin_ws/devel/include/autonomous_rov/teleop_xboxConfig.h)
Linked: (/home/farooq/Documents/MIRBlueROV/catkin_ws/devel/.private/autonomous_rov/include/autonomous_rov/Thruster.h, /home/farooq/Documents/MIRBlueROV/catkin_ws/devel/include/autonomous_rov/Thruster.h)
Linked: (/home/farooq/Documents/MIRBlueROV/catkin_ws/devel/.private/autonomous_rov/include/autonomous_rov/Health.h, /home/farooq/Documents/MIRBlueROV/catkin_ws/devel/include/autonomous_rov/Health.h)
